<?xml version="1.0" encoding="UTF-8"?>
<!-- Generated by org.testng.reporters.JUnitXMLReporter -->
<testsuite ignored="2" hostname="Mac15,7-ArnoldNirmal" failures="0" tests="1" name="Surefire test" time="24.095" errors="0" timestamp="2025-04-20T18:35:32 IST">
  <testcase classname="com.selenium.framework.tests.LoginTest" name="testLoginWithValidCredentials" time="22.572"/>
  <testcase classname="com.selenium.framework.tests.LoginTest" name="testLoginWithInvalidUsername" time="0.0">
    <ignored/>
  </testcase> <!-- testLoginWithInvalidUsername -->
  <testcase classname="com.selenium.framework.tests.LoginTest" name="testLoginWithInvalidPassword" time="0.0">
    <ignored/>
  </testcase> <!-- testLoginWithInvalidPassword -->
</testsuite> <!-- Surefire test -->
