<?xml version="1.0" encoding="UTF-8"?>
<testng-results ignored="0" total="1" passed="1" failed="0" skipped="0">
  <reporter-output>
  </reporter-output>
  <suite started-at="2025-04-20T18:35:08 IST" name="Surefire suite" finished-at="2025-04-20T18:35:32 IST" duration-ms="24095">
    <groups>
    </groups>
    <test started-at="2025-04-20T18:35:08 IST" name="Surefire test" finished-at="2025-04-20T18:35:32 IST" duration-ms="24095">
      <class name="com.selenium.framework.tests.LoginTest">
        <test-method is-config="true" signature="setupClass()[pri:0, instance:com.selenium.framework.tests.LoginTest@147ed70f]" started-at="2025-04-20T18:35:08 IST" name="setupClass" finished-at="2025-04-20T18:35:08 IST" duration-ms="4" status="PASS">
          <reporter-output>
          </reporter-output>
        </test-method> <!-- setupClass -->
        <test-method is-config="true" signature="setUp(java.lang.String)[pri:0, instance:com.selenium.framework.tests.LoginTest@147ed70f]" started-at="2025-04-20T18:35:08 IST" name="setUp" finished-at="2025-04-20T18:35:10 IST" duration-ms="1340" status="PASS">
          <params>
            <param index="0">
              <value>
                <![CDATA[chrome]]>
              </value>
            </param>
          </params>
          <reporter-output>
          </reporter-output>
        </test-method> <!-- setUp -->
        <test-method signature="testLoginWithValidCredentials()[pri:0, instance:com.selenium.framework.tests.LoginTest@147ed70f]" started-at="2025-04-20T18:35:10 IST" name="testLoginWithValidCredentials" finished-at="2025-04-20T18:35:32 IST" duration-ms="22572" status="PASS">
          <reporter-output>
          </reporter-output>
        </test-method> <!-- testLoginWithValidCredentials -->
        <test-method is-config="true" signature="tearDown()[pri:0, instance:com.selenium.framework.tests.LoginTest@147ed70f]" started-at="2025-04-20T18:35:32 IST" name="tearDown" finished-at="2025-04-20T18:35:32 IST" duration-ms="169" status="PASS">
          <reporter-output>
          </reporter-output>
        </test-method> <!-- tearDown -->
        <test-method is-config="true" signature="tearDownClass()[pri:0, instance:com.selenium.framework.tests.LoginTest@147ed70f]" started-at="2025-04-20T18:35:32 IST" name="tearDownClass" finished-at="2025-04-20T18:35:32 IST" duration-ms="1" status="PASS">
          <reporter-output>
          </reporter-output>
        </test-method> <!-- tearDownClass -->
      </class> <!-- com.selenium.framework.tests.LoginTest -->
    </test> <!-- Surefire test -->
  </suite> <!-- Surefire suite -->
</testng-results>
